--------------------------------
2024/9/26 18:47:34|
Request Data:
QueryData:/api/tokenpass/Login/Map
BodyData:
Operator:
RequestPath:http://localhost:7000/api/tokenpass/Login/Map

--------------------------------
2024/9/26 18:47:35|
Response Data:
{"Version":"1.0.0","Code":200,"Message":"操作成功。","Data":{"Id":null,"DifficultyLevel":null,"MapDataBusTypes":"[1,2]","MapData":"[[System.Linq.Enumerable+SelectListIterator`2[CW.Framework.Entities.map,System.String]]]","MapDataRoloQueues":"[[1,1,2,1,2,3,3,3,4,5,4,],[1,1,2,1,2,3,3,3,4,5,4,]]","MapDataGraySitDownColor":"[1,2]","MapDataCountDown":"[120,180]"},"DataCount":0,"PageCount":0,"Mac":"","Timestamp":"2024-09-26T18:47:34.7489096+08:00"}
--------------------------------
2024/9/26 19:05:12|
Request Data:
QueryData:/api/tokenpass/Login/Map
BodyData:
Operator:
RequestPath:http://localhost:7000/api/tokenpass/Login/Map

--------------------------------
2024/9/26 19:05:14|
Response Data:
{"Version":"1.0.0","Code":200,"Message":"操作成功。","Data":{"Id":null,"DifficultyLevel":null,"MapDataBusTypes":"[1,2,3,4,5]","MapData":"[[[0, 1, 0, 1],[1, 0, 1, 0],[0, 1, 0, 1],[1, 0, 1, 0],[0, 1, 0, 1],[1, 0, 1, 0],[0, 1, 0, 1]],[[1, 7, 9, 0, 3],[9, 7, 1, 15, 0],[0, 0, 4, 0, 0],[15, 0, 0, 1, 4],[0, 0, 3, 0, 0],[15, 0, 20, 0, 0],[14, 0, 0, 20, 0],[1, 7, 7, 0, 0]],[[1, 0, 11, 0, 1009],[1007, 1, 1005, 1, 1],[1, 0, 19, 0, 0],[1009, 1, 1005, 1, 1005],[1, 2, 0, 11, 0],[1007, 0, 1, 1, 0],[1, 1, 0, 1009, 0],[0, 1005, 0, 11, 0]],[[11, 0, 0, 99, 15, 0, 0],[1, 0, 0, 99, 0, 5, 0],[0, 1, 1, 5, 5, 5, 5],[11, 0, 0, 99, 5, 5, 0],[1, 1, 1, 99, 0, 5, 5],[0, 9, 9, 99, 17, 0, 0],[9, 0, 9, 99, 0, 17, 0],[0, 9, 0, 99, 7, 7, 0],[9, 9, 9, 99, 0, 3, 7],[3, 0, 1, 9, 17, 0, 0],[0, 9, 0, 99, 7, 0, 7,]],[[0, 0, 12, 0, 0, 0],[17, 0, 19, 0, 20, 0],[0, 15, 0, 0, 19, 0],[0, 1, 13, 0, 1, 0],[0, 1, 0, 0, 1, 0],[99, 0, 99, 99, 99, 99],[99, 0, 99, 99, 99, 99],[19, 0, 0, 0, 0, 0],[0, 0, 3, 19, 0, 0],[5, 18, 0, 19, 0, 0],[0, 13, 0, 1, 3, 0],[0, 12, 0, 0, 0, 0]]]","MapDataRoloQueues":"[[SofaColor.蓝,SofaColor.蓝,SofaColor.蓝,SofaColor.蓝,SofaColor.蓝,SofaColor.蓝,SofaColor.蓝,SofaColor.蓝,SofaColor.蓝,SofaColor.蓝,SofaColor.蓝,SofaColor.蓝,SofaColor.蓝,SofaColor.蓝],[SofaColor.粉,SofaColor.粉,SofaColor.蓝,SofaColor.蓝,SofaColor.蓝,SofaColor.蓝,SofaColor.红,SofaColor.红,SofaColor.黄,SofaColor.黄,SofaColor.黄,SofaColor.蓝,SofaColor.蓝,SofaColor.蓝,SofaColor.粉,SofaColor.粉,SofaCol,[SofaColor.粉,SofaColor.蓝,SofaColor.蓝,SofaColor.蓝,SofaColor.蓝,SofaColor.蓝,SofaColor.黄,SofaColor.蓝,SofaColor.蓝,SofaColor.红,SofaColor.红,SofaColor.粉,SofaColor.粉,SofaColor.粉,SofaColor.蓝,SofaColor.蓝,SofaCol,[SofaColor.粉,SofaColor.红,SofaColor.黄,SofaColor.蓝,SofaColor.粉,SofaColor.红,SofaColor.黄,SofaColor.蓝,SofaColor.蓝,SofaColor.粉,SofaColor.红,SofaColor.黄,SofaColor.蓝,SofaColor.粉,SofaColor.红,SofaColor.黄,SofaCol,[SofaColor.黄,SofaColor.黄,SofaColor.黄,SofaColor.黄,SofaColor.黄,SofaColor.黄,SofaColor.黄,SofaColor.黄,SofaColor.蓝,SofaColor.蓝,SofaColor.蓝,SofaColor.蓝,SofaColor.蓝,SofaColor.黄,SofaColor.红,SofaColor.粉,SofaCol]","MapDataGraySitDownColor":"[SofaColor.蓝,SofaColor.蓝,SofaColor.蓝,SofaColor.蓝,SofaColor.蓝]","MapDataCountDown":"[120,180,180,220,180]"},"DataCount":0,"PageCount":0,"Mac":"","Timestamp":"2024-09-26T19:05:13.3350147+08:00"}
--------------------------------
2024/9/26 19:08:24|
Request Data:
QueryData:/api/tokenpass/Login/Map
BodyData:
Operator:
RequestPath:http://localhost:7000/api/tokenpass/Login/Map

--------------------------------
2024/9/26 19:08:25|
Response Data:
{"Version":"1.0.0","Code":200,"Message":"操作成功。","Data":{"MapData":"[[[0, 1, 0, 1],[1, 0, 1, 0],[0, 1, 0, 1],[1, 0, 1, 0],[0, 1, 0, 1],[1, 0, 1, 0],[0, 1, 0, 1]],[[1, 7, 9, 0, 3],[9, 7, 1, 15, 0],[0, 0, 4, 0, 0],[15, 0, 0, 1, 4],[0, 0, 3, 0, 0],[15, 0, 20, 0, 0],[14, 0, 0, 20, 0],[1, 7, 7, 0, 0]],[[1, 0, 11, 0, 1009],[1007, 1, 1005, 1, 1],[1, 0, 19, 0, 0],[1009, 1, 1005, 1, 1005],[1, 2, 0, 11, 0],[1007, 0, 1, 1, 0],[1, 1, 0, 1009, 0],[0, 1005, 0, 11, 0]],[[11, 0, 0, 99, 15, 0, 0],[1, 0, 0, 99, 0, 5, 0],[0, 1, 1, 5, 5, 5, 5],[11, 0, 0, 99, 5, 5, 0],[1, 1, 1, 99, 0, 5, 5],[0, 9, 9, 99, 17, 0, 0],[9, 0, 9, 99, 0, 17, 0],[0, 9, 0, 99, 7, 7, 0],[9, 9, 9, 99, 0, 3, 7],[3, 0, 1, 9, 17, 0, 0],[0, 9, 0, 99, 7, 0, 7,]],[[0, 0, 12, 0, 0, 0],[17, 0, 19, 0, 20, 0],[0, 15, 0, 0, 19, 0],[0, 1, 13, 0, 1, 0],[0, 1, 0, 0, 1, 0],[99, 0, 99, 99, 99, 99],[99, 0, 99, 99, 99, 99],[19, 0, 0, 0, 0, 0],[0, 0, 3, 19, 0, 0],[5, 18, 0, 19, 0, 0],[0, 13, 0, 1, 3, 0],[0, 12, 0, 0, 0, 0]]]","MapDataRoloQueues":"[[SofaColor.蓝,SofaColor.蓝,SofaColor.蓝,SofaColor.蓝,SofaColor.蓝,SofaColor.蓝,SofaColor.蓝,SofaColor.蓝,SofaColor.蓝,SofaColor.蓝,SofaColor.蓝,SofaColor.蓝,SofaColor.蓝,SofaColor.蓝],[SofaColor.粉,SofaColor.粉,SofaColor.蓝,SofaColor.蓝,SofaColor.蓝,SofaColor.蓝,SofaColor.红,SofaColor.红,SofaColor.黄,SofaColor.黄,SofaColor.黄,SofaColor.蓝,SofaColor.蓝,SofaColor.蓝,SofaColor.粉,SofaColor.粉,SofaCol,[SofaColor.粉,SofaColor.蓝,SofaColor.蓝,SofaColor.蓝,SofaColor.蓝,SofaColor.蓝,SofaColor.黄,SofaColor.蓝,SofaColor.蓝,SofaColor.红,SofaColor.红,SofaColor.粉,SofaColor.粉,SofaColor.粉,SofaColor.蓝,SofaColor.蓝,SofaCol,[SofaColor.粉,SofaColor.红,SofaColor.黄,SofaColor.蓝,SofaColor.粉,SofaColor.红,SofaColor.黄,SofaColor.蓝,SofaColor.蓝,SofaColor.粉,SofaColor.红,SofaColor.黄,SofaColor.蓝,SofaColor.粉,SofaColor.红,SofaColor.黄,SofaCol,[SofaColor.黄,SofaColor.黄,SofaColor.黄,SofaColor.黄,SofaColor.黄,SofaColor.黄,SofaColor.黄,SofaColor.黄,SofaColor.蓝,SofaColor.蓝,SofaColor.蓝,SofaColor.蓝,SofaColor.蓝,SofaColor.黄,SofaColor.红,SofaColor.粉,SofaCol]","MapDataGraySitDownColor":"[SofaColor.蓝,SofaColor.蓝,SofaColor.蓝,SofaColor.蓝,SofaColor.蓝]","MapDataCountDown":"[120,180,180,220,180]"},"DataCount":0,"PageCount":0,"Mac":"","Timestamp":"2024-09-26T19:08:24.6311732+08:00"}
--------------------------------
2024/9/26 19:08:44|
Request Data:
QueryData:/api/tokenpass/Login/Map
BodyData:
Operator:
RequestPath:http://localhost:7000/api/tokenpass/Login/Map

--------------------------------
2024/9/26 19:08:59|
Response Data:
{"Version":"1.0.0","Code":200,"Message":"操作成功。","Data":{"MapData":"[[[0, 1, 0, 1],[1, 0, 1, 0],[0, 1, 0, 1],[1, 0, 1, 0],[0, 1, 0, 1],[1, 0, 1, 0],[0, 1, 0, 1]],[[1, 7, 9, 0, 3],[9, 7, 1, 15, 0],[0, 0, 4, 0, 0],[15, 0, 0, 1, 4],[0, 0, 3, 0, 0],[15, 0, 20, 0, 0],[14, 0, 0, 20, 0],[1, 7, 7, 0, 0]],[[1, 0, 11, 0, 1009],[1007, 1, 1005, 1, 1],[1, 0, 19, 0, 0],[1009, 1, 1005, 1, 1005],[1, 2, 0, 11, 0],[1007, 0, 1, 1, 0],[1, 1, 0, 1009, 0],[0, 1005, 0, 11, 0]],[[11, 0, 0, 99, 15, 0, 0],[1, 0, 0, 99, 0, 5, 0],[0, 1, 1, 5, 5, 5, 5],[11, 0, 0, 99, 5, 5, 0],[1, 1, 1, 99, 0, 5, 5],[0, 9, 9, 99, 17, 0, 0],[9, 0, 9, 99, 0, 17, 0],[0, 9, 0, 99, 7, 7, 0],[9, 9, 9, 99, 0, 3, 7],[3, 0, 1, 9, 17, 0, 0],[0, 9, 0, 99, 7, 0, 7,]],[[0, 0, 12, 0, 0, 0],[17, 0, 19, 0, 20, 0],[0, 15, 0, 0, 19, 0],[0, 1, 13, 0, 1, 0],[0, 1, 0, 0, 1, 0],[99, 0, 99, 99, 99, 99],[99, 0, 99, 99, 99, 99],[19, 0, 0, 0, 0, 0],[0, 0, 3, 19, 0, 0],[5, 18, 0, 19, 0, 0],[0, 13, 0, 1, 3, 0],[0, 12, 0, 0, 0, 0]]]","MapDataRoloQueues":"[[SofaColor.蓝,SofaColor.蓝,SofaColor.蓝,SofaColor.蓝,SofaColor.蓝,SofaColor.蓝,SofaColor.蓝,SofaColor.蓝,SofaColor.蓝,SofaColor.蓝,SofaColor.蓝,SofaColor.蓝,SofaColor.蓝,SofaColor.蓝],[SofaColor.粉,SofaColor.粉,SofaColor.蓝,SofaColor.蓝,SofaColor.蓝,SofaColor.蓝,SofaColor.红,SofaColor.红,SofaColor.黄,SofaColor.黄,SofaColor.黄,SofaColor.蓝,SofaColor.蓝,SofaColor.蓝,SofaColor.粉,SofaColor.粉,SofaCol,[SofaColor.粉,SofaColor.蓝,SofaColor.蓝,SofaColor.蓝,SofaColor.蓝,SofaColor.蓝,SofaColor.黄,SofaColor.蓝,SofaColor.蓝,SofaColor.红,SofaColor.红,SofaColor.粉,SofaColor.粉,SofaColor.粉,SofaColor.蓝,SofaColor.蓝,SofaCol,[SofaColor.粉,SofaColor.红,SofaColor.黄,SofaColor.蓝,SofaColor.粉,SofaColor.红,SofaColor.黄,SofaColor.蓝,SofaColor.蓝,SofaColor.粉,SofaColor.红,SofaColor.黄,SofaColor.蓝,SofaColor.粉,SofaColor.红,SofaColor.黄,SofaCol,[SofaColor.黄,SofaColor.黄,SofaColor.黄,SofaColor.黄,SofaColor.黄,SofaColor.黄,SofaColor.黄,SofaColor.黄,SofaColor.蓝,SofaColor.蓝,SofaColor.蓝,SofaColor.蓝,SofaColor.蓝,SofaColor.黄,SofaColor.红,SofaColor.粉,SofaCol]","MapDataGraySitDownColor":"[SofaColor.蓝,SofaColor.蓝,SofaColor.蓝,SofaColor.蓝,SofaColor.蓝]","MapDataCountDown":"[120,180,180,220,180]"},"DataCount":0,"PageCount":0,"Mac":"","Timestamp":"2024-09-26T19:08:44.193842+08:00"}
--------------------------------
2024/9/26 19:10:48|
Request Data:
QueryData:/api/tokenpass/Login/Map
BodyData:
Operator:
RequestPath:http://localhost:7000/api/tokenpass/Login/Map

--------------------------------
2024/9/26 19:10:49|
Response Data:
{"Version":"1.0.0","Code":200,"Message":"操作成功。","Data":{"MapData":"[[[0,1,0,1],[1,0,1,0],[0,1,0,1],[1,0,1,0],[0,1,0,1],[1,0,1,0],[0,1,0,1]],[[1,7,9,0,3],[9,7,1,15,0],[0,0,4,0,0],[15,0,0,1,4],[0,0,3,0,0],[15,0,20,0,0],[14,0,0,20,0],[1,7,7,0,0]],[[1,0,11,0,1009],[1007,1,1005,1,1],[1,0,19,0,0],[1009,1,1005,1,1005],[1,2,0,11,0],[1007,0,1,1,0],[1,1,0,1009,0],[0,1005,0,11,0]],[[11,0,0,99,15,0,0],[1,0,0,99,0,5,0],[0,1,1,5,5,5,5],[11,0,0,99,5,5,0],[1,1,1,99,0,5,5],[0,9,9,99,17,0,0],[9,0,9,99,0,17,0],[0,9,0,99,7,7,0],[9,9,9,99,0,3,7],[3,0,1,9,17,0,0],[0,9,0,99,7,0,7,]],[[0,0,12,0,0,0],[17,0,19,0,20,0],[0,15,0,0,19,0],[0,1,13,0,1,0],[0,1,0,0,1,0],[99,0,99,99,99,99],[99,0,99,99,99,99],[19,0,0,0,0,0],[0,0,3,19,0,0],[5,18,0,19,0,0],[0,13,0,1,3,0],[0,12,0,0,0,0]]]","MapDataRoloQueues":"[[SofaColor.蓝,SofaColor.蓝,SofaColor.蓝,SofaColor.蓝,SofaColor.蓝,SofaColor.蓝,SofaColor.蓝,SofaColor.蓝,SofaColor.蓝,SofaColor.蓝,SofaColor.蓝,SofaColor.蓝,SofaColor.蓝,SofaColor.蓝],[SofaColor.粉,SofaColor.粉,SofaColor.蓝,SofaColor.蓝,SofaColor.蓝,SofaColor.蓝,SofaColor.红,SofaColor.红,SofaColor.黄,SofaColor.黄,SofaColor.黄,SofaColor.蓝,SofaColor.蓝,SofaColor.蓝,SofaColor.粉,SofaColor.粉,SofaCol,[SofaColor.粉,SofaColor.蓝,SofaColor.蓝,SofaColor.蓝,SofaColor.蓝,SofaColor.蓝,SofaColor.黄,SofaColor.蓝,SofaColor.蓝,SofaColor.红,SofaColor.红,SofaColor.粉,SofaColor.粉,SofaColor.粉,SofaColor.蓝,SofaColor.蓝,SofaCol,[SofaColor.粉,SofaColor.红,SofaColor.黄,SofaColor.蓝,SofaColor.粉,SofaColor.红,SofaColor.黄,SofaColor.蓝,SofaColor.蓝,SofaColor.粉,SofaColor.红,SofaColor.黄,SofaColor.蓝,SofaColor.粉,SofaColor.红,SofaColor.黄,SofaCol,[SofaColor.黄,SofaColor.黄,SofaColor.黄,SofaColor.黄,SofaColor.黄,SofaColor.黄,SofaColor.黄,SofaColor.黄,SofaColor.蓝,SofaColor.蓝,SofaColor.蓝,SofaColor.蓝,SofaColor.蓝,SofaColor.黄,SofaColor.红,SofaColor.粉,SofaCol]","MapDataGraySitDownColor":"[SofaColor.蓝,SofaColor.蓝,SofaColor.蓝,SofaColor.蓝,SofaColor.蓝]","MapDataCountDown":"[120,180,180,220,180]"},"DataCount":0,"PageCount":0,"Mac":"","Timestamp":"2024-09-26T19:10:48.5298649+08:00"}
