--------------------------------
2024/9/21 9:53:59|
Request Data:
QueryData:/api/tokenpass/Login/Login?openId=123456
BodyData:
Operator:
RequestPath:http://localhost:10005/api/tokenpass/Login/Login?openId=123456

--------------------------------
2024/9/21 9:54:01|
Response Data:
{"Version":"1.0.0","Code":200,"Message":"操作成功。","Data":{"SsoToken":"eyJhbGciOiJIUzI1NiIsInR5cCI6IkpXVCJ9.eyJVc2VySWQiOiIxIiwiT3BlbklkIjoiMTIzNDU2IiwiQ2lwaGVyIjoiS1R1T2Z1cHVPUXpUWTA2UkdHMVZFQT09IiwiRXhwaXJlcyI6IjIwMjQtMDktMjIgMDk6NTQ6MDEiLCJleHAiOjE3MjY5NzAxMDEsImlzcyI6InJhbndlbiIsImF1ZCI6IkNXIn0.xevAFanOiFT-jHj2uxyDgsMyUaBvSUWuIdEr4JrSaJg"},"DataCount":0,"PageCount":0,"Mac":"","Timestamp":"2024-09-21T09:54:01.6130535+08:00"}
--------------------------------
2024/9/21 10:04:13|
Request Data:
QueryData:/api/tokenpass/Login/Map
BodyData:
Operator:
RequestPath:http://localhost:10005/api/tokenpass/Login/Map

--------------------------------
2024/9/21 10:04:15|
Response Data:
{"Version":"1.0.0","Code":200,"Message":"操作成功。","Data":"{\"Id\":null,\"DifficultyLevel\":null,\"MapDataBusTypes\":\"[1,2]\",\"MapData\":\"[[0,1,0,1],[1,0,1,0],[0,1,0,1],[1,0,1,0],[0,1,0,1],[1,0,1,0],[0,1,0,1],[0,1,1,1],[1,0,1,0],[0,1,0,1],[1,0,1,0],[0,1,0,1],[1,0,1,1],[0,1,1,1]]\",\"MapDataRoloQueues\":\"[[1,1,2,1,2,3,3,3,4,5,4,],[1,1,2,1,2,3,3,3,4,5,4,]]\",\"MapDataGraySitDownColor\":\"[1,2]\",\"MapDataCountDown\":\"[120,180]\"}","DataCount":0,"PageCount":0,"Mac":"","Timestamp":"2024-09-21T10:04:13.9177295+08:00"}
--------------------------------
2024/9/21 10:16:36|
Request Data:
QueryData:/api/tokenpass/Login/Map
BodyData:
Operator:
RequestPath:http://localhost:10005/api/tokenpass/Login/Map

--------------------------------
2024/9/21 10:16:37|
Response Data:
{"Version":"1.0.0","Code":200,"Message":"操作成功。","Data":"{\"Id\":null,\"DifficultyLevel\":null,\"MapDataBusTypes\":\"[1,2]\",\"MapData\":\"[[0,1,0,1],[1,0,1,0],[0,1,0,1],[1,0,1,0],[0,1,0,1],[1,0,1,0],[0,1,0,1],[0,1,1,1],[1,0,1,0],[0,1,0,1],[1,0,1,0],[0,1,0,1],[1,0,1,1],[0,1,1,1]]\",\"MapDataRoloQueues\":\"[[1,1,2,1,2,3,3,3,4,5,4,],[1,1,2,1,2,3,3,3,4,5,4,]]\",\"MapDataGraySitDownColor\":\"[1,2]\",\"MapDataCountDown\":\"[120,180]\"}","DataCount":0,"PageCount":0,"Mac":"","Timestamp":"2024-09-21T10:16:36.7583869+08:00"}
--------------------------------
2024/9/21 10:20:00|
Request Data:
QueryData:/api/tokenpass/Login/Map
BodyData:
Operator:
RequestPath:http://localhost:10005/api/tokenpass/Login/Map

--------------------------------
2024/9/21 10:20:01|
Response Data:
{"Version":"1.0.0","Code":200,"Message":"操作成功。","Data":"{\"Id\":null,\"DifficultyLevel\":null,\"MapDataBusTypes\":\"[1,2]\",\"MapData\":\"[[0,1,0,1],[1,0,1,0],[0,1,0,1],[1,0,1,0],[0,1,0,1],[1,0,1,0],[0,1,0,1],[0,1,1,1],[1,0,1,0],[0,1,0,1],[1,0,1,0],[0,1,0,1],[1,0,1,1],[0,1,1,1]]\",\"MapDataRoloQueues\":\"[[1,1,2,1,2,3,3,3,4,5,4,],[1,1,2,1,2,3,3,3,4,5,4,]]\",\"MapDataGraySitDownColor\":\"[1,2]\",\"MapDataCountDown\":\"[120,180]\"}","DataCount":0,"PageCount":0,"Mac":"","Timestamp":"2024-09-21T10:20:00.7745842+08:00"}
--------------------------------
2024/9/21 13:49:07|
Request Data:
QueryData:/api/tokenpass/Login/Map
BodyData:
Operator:
RequestPath:http://localhost:10005/api/tokenpass/Login/Map

--------------------------------
2024/9/21 13:49:09|
Response Data:
{"Version":"1.0.0","Code":200,"Message":"操作成功。","Data":"{\"Id\":null,\"DifficultyLevel\":null,\"MapDataBusTypes\":\"[1,2]\",\"MapData\":\"[[0,1,0,1],[1,0,1,0],[0,1,0,1],[1,0,1,0],[0,1,0,1],[1,0,1,0],[0,1,0,1],[0,1,1,1],[1,0,1,0],[0,1,0,1],[1,0,1,0],[0,1,0,1],[1,0,1,1],[0,1,1,1]]\",\"MapDataRoloQueues\":\"[[1,1,2,1,2,3,3,3,4,5,4,],[1,1,2,1,2,3,3,3,4,5,4,]]\",\"MapDataGraySitDownColor\":\"[1,2]\",\"MapDataCountDown\":\"[120,180]\"}","DataCount":0,"PageCount":0,"Mac":"","Timestamp":"2024-09-21T13:49:08.1857101+08:00"}
--------------------------------
2024/9/21 13:49:13|
Request Data:
QueryData:/api/User/GetUserCollectList
BodyData:
Operator:
RequestPath:http://localhost:10005/api/User/GetUserCollectList

--------------------------------
2024/9/21 13:49:13|
Response Data:
{"Version":"1.0.0","Code":600,"Message":"无效令牌。","Data":{},"DataCount":0,"PageCount":0,"Mac":"","Timestamp":"2024-09-21T13:49:13.3027718+08:00"}
--------------------------------
2024/9/21 13:57:32|
Request Data:
QueryData:/api/tokenpass/Login/Map
BodyData:
Operator:
RequestPath:http://localhost:7000/api/tokenpass/Login/Map

--------------------------------
2024/9/21 13:58:40|
Response Data:
{"Version":"1.0.0","Code":200,"Message":"操作成功。","Data":"{\"Id\":null,\"DifficultyLevel\":null,\"MapDataBusTypes\":\"[1,2]\",\"MapData\":\"[[0,1,0,1],[1,0,1,0],[0,1,0,1],[1,0,1,0],[0,1,0,1],[1,0,1,0],[0,1,0,1],[0,1,1,1],[1,0,1,0],[0,1,0,1],[1,0,1,0],[0,1,0,1],[1,0,1,1],[0,1,1,1]]\",\"MapDataRoloQueues\":\"[[1,1,2,1,2,3,3,3,4,5,4,],[1,1,2,1,2,3,3,3,4,5,4,]]\",\"MapDataGraySitDownColor\":\"[1,2]\",\"MapDataCountDown\":\"[120,180]\"}","DataCount":0,"PageCount":0,"Mac":"","Timestamp":"2024-09-21T13:57:32.8537871+08:00"}
--------------------------------
2024/9/21 14:08:32|
Request Data:
QueryData:/api/tokenpass/Login/Map
BodyData:
Operator:
RequestPath:http://localhost:7000/api/tokenpass/Login/Map

--------------------------------
2024/9/21 14:08:34|
Response Data:
{"Version":"1.0.0","Code":200,"Message":"操作成功。","Data":"{\"Id\":null,\"DifficultyLevel\":null,\"MapDataBusTypes\":\"[1,2]\",\"MapData\":\"[[0,1,0,1],[1,0,1,0],[0,1,0,1],[1,0,1,0],[0,1,0,1],[1,0,1,0],[0,1,0,1],[0,1,1,1],[1,0,1,0],[0,1,0,1],[1,0,1,0],[0,1,0,1],[1,0,1,1],[0,1,1,1]]\",\"MapDataRoloQueues\":\"[[1,1,2,1,2,3,3,3,4,5,4,],[1,1,2,1,2,3,3,3,4,5,4,]]\",\"MapDataGraySitDownColor\":\"[1,2]\",\"MapDataCountDown\":\"[120,180]\"}","DataCount":0,"PageCount":0,"Mac":"","Timestamp":"2024-09-21T14:08:32.6822273+08:00"}
--------------------------------
2024/9/21 14:22:24|
Request Data:
QueryData:/api/tokenpass/Login/Map
BodyData:
Operator:
RequestPath:http://localhost:7000/api/tokenpass/Login/Map

--------------------------------
2024/9/21 14:22:25|
Response Data:
{"Version":"1.0.0","Code":200,"Message":"操作成功。","Data":"{\"Id\":null,\"DifficultyLevel\":null,\"MapDataBusTypes\":\"[1,2]\",\"MapData\":\"[[0,1,0,1],[1,0,1,0],[0,1,0,1],[1,0,1,0],[0,1,0,1],[1,0,1,0],[0,1,0,1],[0,1,1,1],[1,0,1,0],[0,1,0,1],[1,0,1,0],[0,1,0,1],[1,0,1,1],[0,1,1,1]]\",\"MapDataRoloQueues\":\"[[1,1,2,1,2,3,3,3,4,5,4,],[1,1,2,1,2,3,3,3,4,5,4,]]\",\"MapDataGraySitDownColor\":\"[1,2]\",\"MapDataCountDown\":\"[120,180]\"}","DataCount":0,"PageCount":0,"Mac":"","Timestamp":"2024-09-21T14:22:24.8145501+08:00"}
--------------------------------
2024/9/21 14:25:33|
Request Data:
QueryData:/api/tokenpass/Login/Map
BodyData:
Operator:
RequestPath:http://localhost:7000/api/tokenpass/Login/Map

--------------------------------
2024/9/21 14:25:40|
Response Data:
{"Version":"1.0.0","Code":200,"Message":"操作成功。","Data":"{\"Id\":null,\"DifficultyLevel\":null,\"MapDataBusTypes\":\"[1,2]\",\"MapData\":\"[[0,1,0,1],[1,0,1,0],[0,1,0,1],[1,0,1,0],[0,1,0,1],[1,0,1,0],[0,1,0,1],[0,1,1,1],[1,0,1,0],[0,1,0,1],[1,0,1,0],[0,1,0,1],[1,0,1,1],[0,1,1,1]]\",\"MapDataRoloQueues\":\"[[1,1,2,1,2,3,3,3,4,5,4,],[1,1,2,1,2,3,3,3,4,5,4,]]\",\"MapDataGraySitDownColor\":\"[1,2]\",\"MapDataCountDown\":\"[120,180]\"}","DataCount":0,"PageCount":0,"Mac":"","Timestamp":"2024-09-21T14:25:34.4220478+08:00"}
--------------------------------
2024/9/21 14:28:32|
Request Data:
QueryData:/api/tokenpass/Login/Map
BodyData:
Operator:
RequestPath:http://localhost:7000/api/tokenpass/Login/Map

--------------------------------
2024/9/21 14:28:33|
Response Data:
{"Version":"1.0.0","Code":200,"Message":"操作成功。","Data":"{\"Id\":null,\"DifficultyLevel\":null,\"MapDataBusTypes\":\"[1,2]\",\"MapData\":\"[[0,1,0,1],[1,0,1,0],[0,1,0,1],[1,0,1,0],[0,1,0,1],[1,0,1,0],[0,1,0,1],[0,1,1,1],[1,0,1,0],[0,1,0,1],[1,0,1,0],[0,1,0,1],[1,0,1,1],[0,1,1,1]]\",\"MapDataRoloQueues\":\"[[1,1,2,1,2,3,3,3,4,5,4,],[1,1,2,1,2,3,3,3,4,5,4,]]\",\"MapDataGraySitDownColor\":\"[1,2]\",\"MapDataCountDown\":\"[120,180]\"}","DataCount":0,"PageCount":0,"Mac":"","Timestamp":"2024-09-21T14:28:32.6109906+08:00"}
--------------------------------
2024/9/21 14:41:28|
Request Data:
QueryData:/api/tokenpass/Login/Map
BodyData:
Operator:
RequestPath:http://localhost:7000/api/tokenpass/Login/Map

--------------------------------
2024/9/21 14:41:29|
Response Data:
{"Version":"1.0.0","Code":200,"Message":"操作成功。","Data":"{\"Id\":null,\"DifficultyLevel\":null,\"MapDataBusTypes\":\"[1,2]\",\"MapData\":\"[[0,1,0,1],[1,0,1,0],[0,1,0,1],[1,0,1,0],[0,1,0,1],[1,0,1,0],[0,1,0,1],[0,1,1,1],[1,0,1,0],[0,1,0,1],[1,0,1,0],[0,1,0,1],[1,0,1,1],[0,1,1,1]]\",\"MapDataRoloQueues\":\"[[1,1,2,1,2,3,3,3,4,5,4,],[1,1,2,1,2,3,3,3,4,5,4,]]\",\"MapDataGraySitDownColor\":\"[1,2]\",\"MapDataCountDown\":\"[120,180]\"}","DataCount":0,"PageCount":0,"Mac":"","Timestamp":"2024-09-21T14:41:28.8467411+08:00"}
--------------------------------
2024/9/21 14:44:44|
Request Data:
QueryData:/api/tokenpass/Login/Map
BodyData:
Operator:
RequestPath:http://localhost:7000/api/tokenpass/Login/Map

--------------------------------
2024/9/21 14:44:45|
Response Data:
{"Version":"1.0.0","Code":200,"Message":"操作成功。","Data":"{\"Id\":null,\"DifficultyLevel\":null,\"MapDataBusTypes\":\"[1,2]\",\"MapData\":\"[[0,1,0,1],[1,0,1,0],[0,1,0,1],[1,0,1,0],[0,1,0,1],[1,0,1,0],[0,1,0,1],[0,1,1,1],[1,0,1,0],[0,1,0,1],[1,0,1,0],[0,1,0,1],[1,0,1,1],[0,1,1,1]]\",\"MapDataRoloQueues\":\"[[1,1,2,1,2,3,3,3,4,5,4,],[1,1,2,1,2,3,3,3,4,5,4,]]\",\"MapDataGraySitDownColor\":\"[1,2]\",\"MapDataCountDown\":\"[120,180]\"}","DataCount":0,"PageCount":0,"Mac":"","Timestamp":"2024-09-21T14:44:45.0415114+08:00"}
--------------------------------
2024/9/21 14:47:45|
Request Data:
QueryData:/api/tokenpass/Login/Map
BodyData:
Operator:
RequestPath:http://localhost:7000/api/tokenpass/Login/Map

--------------------------------
2024/9/21 14:47:47|
Response Data:
{"Version":"1.0.0","Code":200,"Message":"操作成功。","Data":"{\"Id\":null,\"DifficultyLevel\":null,\"MapDataBusTypes\":\"[1,2]\",\"MapData\":\"[[0,1,0,1],[1,0,1,0],[0,1,0,1],[1,0,1,0],[0,1,0,1],[1,0,1,0],[0,1,0,1],[0,1,1,1],[1,0,1,0],[0,1,0,1],[1,0,1,0],[0,1,0,1],[1,0,1,1],[0,1,1,1]]\",\"MapDataRoloQueues\":\"[[1,1,2,1,2,3,3,3,4,5,4,],[1,1,2,1,2,3,3,3,4,5,4,]]\",\"MapDataGraySitDownColor\":\"[1,2]\",\"MapDataCountDown\":\"[120,180]\"}","DataCount":0,"PageCount":0,"Mac":"","Timestamp":"2024-09-21T14:47:46.3829669+08:00"}
--------------------------------
2024/9/21 15:01:39|
Request Data:
QueryData:/api/tokenpass/Login/Map
BodyData:
Operator:
RequestPath:http://localhost:7000/api/tokenpass/Login/Map

--------------------------------
2024/9/21 15:01:41|
Response Data:
{"Version":"1.0.0","Code":200,"Message":"操作成功。","Data":"{\"Id\":null,\"DifficultyLevel\":null,\"MapDataBusTypes\":\"[1,2]\",\"MapData\":\"[[0,1,0,1],[1,0,1,0],[0,1,0,1],[1,0,1,0],[0,1,0,1],[1,0,1,0],[0,1,0,1],[0,1,1,1],[1,0,1,0],[0,1,0,1],[1,0,1,0],[0,1,0,1],[1,0,1,1],[0,1,1,1]]\",\"MapDataRoloQueues\":\"[[1,1,2,1,2,3,3,3,4,5,4,],[1,1,2,1,2,3,3,3,4,5,4,]]\",\"MapDataGraySitDownColor\":\"[1,2]\",\"MapDataCountDown\":\"[120,180]\"}","DataCount":0,"PageCount":0,"Mac":"","Timestamp":"2024-09-21T15:01:40.2063398+08:00"}
--------------------------------
2024/9/21 15:01:42|
Request Data:
QueryData:/api/tokenpass/Login/Map
BodyData:
Operator:
RequestPath:http://localhost:7000/api/tokenpass/Login/Map

--------------------------------
2024/9/21 15:01:43|
Response Data:
{"Version":"1.0.0","Code":200,"Message":"操作成功。","Data":"{\"Id\":null,\"DifficultyLevel\":null,\"MapDataBusTypes\":\"[1,2]\",\"MapData\":\"[[0,1,0,1],[1,0,1,0],[0,1,0,1],[1,0,1,0],[0,1,0,1],[1,0,1,0],[0,1,0,1],[0,1,1,1],[1,0,1,0],[0,1,0,1],[1,0,1,0],[0,1,0,1],[1,0,1,1],[0,1,1,1]]\",\"MapDataRoloQueues\":\"[[1,1,2,1,2,3,3,3,4,5,4,],[1,1,2,1,2,3,3,3,4,5,4,]]\",\"MapDataGraySitDownColor\":\"[1,2]\",\"MapDataCountDown\":\"[120,180]\"}","DataCount":0,"PageCount":0,"Mac":"","Timestamp":"2024-09-21T15:01:42.9815548+08:00"}
--------------------------------
2024/9/21 15:01:43|
Request Data:
QueryData:/api/tokenpass/Login/Map
BodyData:
Operator:
RequestPath:http://localhost:7000/api/tokenpass/Login/Map

--------------------------------
2024/9/21 15:01:43|
Response Data:
{"Version":"1.0.0","Code":200,"Message":"操作成功。","Data":"{\"Id\":null,\"DifficultyLevel\":null,\"MapDataBusTypes\":\"[1,2]\",\"MapData\":\"[[0,1,0,1],[1,0,1,0],[0,1,0,1],[1,0,1,0],[0,1,0,1],[1,0,1,0],[0,1,0,1],[0,1,1,1],[1,0,1,0],[0,1,0,1],[1,0,1,0],[0,1,0,1],[1,0,1,1],[0,1,1,1]]\",\"MapDataRoloQueues\":\"[[1,1,2,1,2,3,3,3,4,5,4,],[1,1,2,1,2,3,3,3,4,5,4,]]\",\"MapDataGraySitDownColor\":\"[1,2]\",\"MapDataCountDown\":\"[120,180]\"}","DataCount":0,"PageCount":0,"Mac":"","Timestamp":"2024-09-21T15:01:43.7750125+08:00"}
--------------------------------
2024/9/21 15:01:43|
Request Data:
QueryData:/api/tokenpass/Login/Map
BodyData:
Operator:
RequestPath:http://localhost:7000/api/tokenpass/Login/Map

--------------------------------
2024/9/21 15:01:44|
Response Data:
{"Version":"1.0.0","Code":200,"Message":"操作成功。","Data":"{\"Id\":null,\"DifficultyLevel\":null,\"MapDataBusTypes\":\"[1,2]\",\"MapData\":\"[[0,1,0,1],[1,0,1,0],[0,1,0,1],[1,0,1,0],[0,1,0,1],[1,0,1,0],[0,1,0,1],[0,1,1,1],[1,0,1,0],[0,1,0,1],[1,0,1,0],[0,1,0,1],[1,0,1,1],[0,1,1,1]]\",\"MapDataRoloQueues\":\"[[1,1,2,1,2,3,3,3,4,5,4,],[1,1,2,1,2,3,3,3,4,5,4,]]\",\"MapDataGraySitDownColor\":\"[1,2]\",\"MapDataCountDown\":\"[120,180]\"}","DataCount":0,"PageCount":0,"Mac":"","Timestamp":"2024-09-21T15:01:43.9682703+08:00"}
--------------------------------
2024/9/21 15:01:44|
Request Data:
QueryData:/api/tokenpass/Login/Map
BodyData:
Operator:
RequestPath:http://localhost:7000/api/tokenpass/Login/Map

--------------------------------
2024/9/21 15:01:44|
Response Data:
{"Version":"1.0.0","Code":200,"Message":"操作成功。","Data":"{\"Id\":null,\"DifficultyLevel\":null,\"MapDataBusTypes\":\"[1,2]\",\"MapData\":\"[[0,1,0,1],[1,0,1,0],[0,1,0,1],[1,0,1,0],[0,1,0,1],[1,0,1,0],[0,1,0,1],[0,1,1,1],[1,0,1,0],[0,1,0,1],[1,0,1,0],[0,1,0,1],[1,0,1,1],[0,1,1,1]]\",\"MapDataRoloQueues\":\"[[1,1,2,1,2,3,3,3,4,5,4,],[1,1,2,1,2,3,3,3,4,5,4,]]\",\"MapDataGraySitDownColor\":\"[1,2]\",\"MapDataCountDown\":\"[120,180]\"}","DataCount":0,"PageCount":0,"Mac":"","Timestamp":"2024-09-21T15:01:44.1535616+08:00"}
--------------------------------
2024/9/21 15:01:44|
Request Data:
QueryData:/api/tokenpass/Login/Map
BodyData:
Operator:
RequestPath:http://localhost:7000/api/tokenpass/Login/Map

--------------------------------
2024/9/21 15:01:44|
Response Data:
{"Version":"1.0.0","Code":200,"Message":"操作成功。","Data":"{\"Id\":null,\"DifficultyLevel\":null,\"MapDataBusTypes\":\"[1,2]\",\"MapData\":\"[[0,1,0,1],[1,0,1,0],[0,1,0,1],[1,0,1,0],[0,1,0,1],[1,0,1,0],[0,1,0,1],[0,1,1,1],[1,0,1,0],[0,1,0,1],[1,0,1,0],[0,1,0,1],[1,0,1,1],[0,1,1,1]]\",\"MapDataRoloQueues\":\"[[1,1,2,1,2,3,3,3,4,5,4,],[1,1,2,1,2,3,3,3,4,5,4,]]\",\"MapDataGraySitDownColor\":\"[1,2]\",\"MapDataCountDown\":\"[120,180]\"}","DataCount":0,"PageCount":0,"Mac":"","Timestamp":"2024-09-21T15:01:44.3230833+08:00"}
--------------------------------
2024/9/21 15:01:44|
Request Data:
QueryData:/api/tokenpass/Login/Map
BodyData:
Operator:
RequestPath:http://localhost:7000/api/tokenpass/Login/Map

--------------------------------
2024/9/21 15:01:44|
Response Data:
{"Version":"1.0.0","Code":200,"Message":"操作成功。","Data":"{\"Id\":null,\"DifficultyLevel\":null,\"MapDataBusTypes\":\"[1,2]\",\"MapData\":\"[[0,1,0,1],[1,0,1,0],[0,1,0,1],[1,0,1,0],[0,1,0,1],[1,0,1,0],[0,1,0,1],[0,1,1,1],[1,0,1,0],[0,1,0,1],[1,0,1,0],[0,1,0,1],[1,0,1,1],[0,1,1,1]]\",\"MapDataRoloQueues\":\"[[1,1,2,1,2,3,3,3,4,5,4,],[1,1,2,1,2,3,3,3,4,5,4,]]\",\"MapDataGraySitDownColor\":\"[1,2]\",\"MapDataCountDown\":\"[120,180]\"}","DataCount":0,"PageCount":0,"Mac":"","Timestamp":"2024-09-21T15:01:44.4936938+08:00"}
--------------------------------
2024/9/21 15:01:44|
Request Data:
QueryData:/api/tokenpass/Login/Map
BodyData:
Operator:
RequestPath:http://localhost:7000/api/tokenpass/Login/Map

--------------------------------
2024/9/21 15:01:44|
Response Data:
{"Version":"1.0.0","Code":200,"Message":"操作成功。","Data":"{\"Id\":null,\"DifficultyLevel\":null,\"MapDataBusTypes\":\"[1,2]\",\"MapData\":\"[[0,1,0,1],[1,0,1,0],[0,1,0,1],[1,0,1,0],[0,1,0,1],[1,0,1,0],[0,1,0,1],[0,1,1,1],[1,0,1,0],[0,1,0,1],[1,0,1,0],[0,1,0,1],[1,0,1,1],[0,1,1,1]]\",\"MapDataRoloQueues\":\"[[1,1,2,1,2,3,3,3,4,5,4,],[1,1,2,1,2,3,3,3,4,5,4,]]\",\"MapDataGraySitDownColor\":\"[1,2]\",\"MapDataCountDown\":\"[120,180]\"}","DataCount":0,"PageCount":0,"Mac":"","Timestamp":"2024-09-21T15:01:44.6557524+08:00"}
--------------------------------
2024/9/21 15:01:45|
Request Data:
QueryData:/api/tokenpass/Login/Map
BodyData:
Operator:
RequestPath:http://localhost:7000/api/tokenpass/Login/Map

--------------------------------
2024/9/21 15:01:45|
Response Data:
{"Version":"1.0.0","Code":200,"Message":"操作成功。","Data":"{\"Id\":null,\"DifficultyLevel\":null,\"MapDataBusTypes\":\"[1,2]\",\"MapData\":\"[[0,1,0,1],[1,0,1,0],[0,1,0,1],[1,0,1,0],[0,1,0,1],[1,0,1,0],[0,1,0,1],[0,1,1,1],[1,0,1,0],[0,1,0,1],[1,0,1,0],[0,1,0,1],[1,0,1,1],[0,1,1,1]]\",\"MapDataRoloQueues\":\"[[1,1,2,1,2,3,3,3,4,5,4,],[1,1,2,1,2,3,3,3,4,5,4,]]\",\"MapDataGraySitDownColor\":\"[1,2]\",\"MapDataCountDown\":\"[120,180]\"}","DataCount":0,"PageCount":0,"Mac":"","Timestamp":"2024-09-21T15:01:45.7744508+08:00"}
--------------------------------
2024/9/21 15:01:45|
Request Data:
QueryData:/api/tokenpass/Login/Map
BodyData:
Operator:
RequestPath:http://localhost:7000/api/tokenpass/Login/Map

--------------------------------
2024/9/21 15:01:46|
Response Data:
{"Version":"1.0.0","Code":200,"Message":"操作成功。","Data":"{\"Id\":null,\"DifficultyLevel\":null,\"MapDataBusTypes\":\"[1,2]\",\"MapData\":\"[[0,1,0,1],[1,0,1,0],[0,1,0,1],[1,0,1,0],[0,1,0,1],[1,0,1,0],[0,1,0,1],[0,1,1,1],[1,0,1,0],[0,1,0,1],[1,0,1,0],[0,1,0,1],[1,0,1,1],[0,1,1,1]]\",\"MapDataRoloQueues\":\"[[1,1,2,1,2,3,3,3,4,5,4,],[1,1,2,1,2,3,3,3,4,5,4,]]\",\"MapDataGraySitDownColor\":\"[1,2]\",\"MapDataCountDown\":\"[120,180]\"}","DataCount":0,"PageCount":0,"Mac":"","Timestamp":"2024-09-21T15:01:45.960007+08:00"}
--------------------------------
2024/9/21 15:01:46|
Request Data:
QueryData:/api/tokenpass/Login/Map
BodyData:
Operator:
RequestPath:http://localhost:7000/api/tokenpass/Login/Map

--------------------------------
2024/9/21 15:01:46|
Response Data:
{"Version":"1.0.0","Code":200,"Message":"操作成功。","Data":"{\"Id\":null,\"DifficultyLevel\":null,\"MapDataBusTypes\":\"[1,2]\",\"MapData\":\"[[0,1,0,1],[1,0,1,0],[0,1,0,1],[1,0,1,0],[0,1,0,1],[1,0,1,0],[0,1,0,1],[0,1,1,1],[1,0,1,0],[0,1,0,1],[1,0,1,0],[0,1,0,1],[1,0,1,1],[0,1,1,1]]\",\"MapDataRoloQueues\":\"[[1,1,2,1,2,3,3,3,4,5,4,],[1,1,2,1,2,3,3,3,4,5,4,]]\",\"MapDataGraySitDownColor\":\"[1,2]\",\"MapDataCountDown\":\"[120,180]\"}","DataCount":0,"PageCount":0,"Mac":"","Timestamp":"2024-09-21T15:01:46.1478322+08:00"}
--------------------------------
2024/9/21 15:01:46|
Request Data:
QueryData:/api/tokenpass/Login/Map
BodyData:
Operator:
RequestPath:http://localhost:7000/api/tokenpass/Login/Map

--------------------------------
2024/9/21 15:01:46|
Response Data:
{"Version":"1.0.0","Code":200,"Message":"操作成功。","Data":"{\"Id\":null,\"DifficultyLevel\":null,\"MapDataBusTypes\":\"[1,2]\",\"MapData\":\"[[0,1,0,1],[1,0,1,0],[0,1,0,1],[1,0,1,0],[0,1,0,1],[1,0,1,0],[0,1,0,1],[0,1,1,1],[1,0,1,0],[0,1,0,1],[1,0,1,0],[0,1,0,1],[1,0,1,1],[0,1,1,1]]\",\"MapDataRoloQueues\":\"[[1,1,2,1,2,3,3,3,4,5,4,],[1,1,2,1,2,3,3,3,4,5,4,]]\",\"MapDataGraySitDownColor\":\"[1,2]\",\"MapDataCountDown\":\"[120,180]\"}","DataCount":0,"PageCount":0,"Mac":"","Timestamp":"2024-09-21T15:01:46.3114545+08:00"}
--------------------------------
2024/9/21 15:01:46|
Request Data:
QueryData:/api/tokenpass/Login/Map
BodyData:
Operator:
RequestPath:http://localhost:7000/api/tokenpass/Login/Map

--------------------------------
2024/9/21 15:01:46|
Response Data:
{"Version":"1.0.0","Code":200,"Message":"操作成功。","Data":"{\"Id\":null,\"DifficultyLevel\":null,\"MapDataBusTypes\":\"[1,2]\",\"MapData\":\"[[0,1,0,1],[1,0,1,0],[0,1,0,1],[1,0,1,0],[0,1,0,1],[1,0,1,0],[0,1,0,1],[0,1,1,1],[1,0,1,0],[0,1,0,1],[1,0,1,0],[0,1,0,1],[1,0,1,1],[0,1,1,1]]\",\"MapDataRoloQueues\":\"[[1,1,2,1,2,3,3,3,4,5,4,],[1,1,2,1,2,3,3,3,4,5,4,]]\",\"MapDataGraySitDownColor\":\"[1,2]\",\"MapDataCountDown\":\"[120,180]\"}","DataCount":0,"PageCount":0,"Mac":"","Timestamp":"2024-09-21T15:01:46.4761429+08:00"}
--------------------------------
2024/9/21 15:01:46|
Request Data:
QueryData:/api/tokenpass/Login/Map
BodyData:
Operator:
RequestPath:http://localhost:7000/api/tokenpass/Login/Map

--------------------------------
2024/9/21 15:01:46|
Response Data:
{"Version":"1.0.0","Code":200,"Message":"操作成功。","Data":"{\"Id\":null,\"DifficultyLevel\":null,\"MapDataBusTypes\":\"[1,2]\",\"MapData\":\"[[0,1,0,1],[1,0,1,0],[0,1,0,1],[1,0,1,0],[0,1,0,1],[1,0,1,0],[0,1,0,1],[0,1,1,1],[1,0,1,0],[0,1,0,1],[1,0,1,0],[0,1,0,1],[1,0,1,1],[0,1,1,1]]\",\"MapDataRoloQueues\":\"[[1,1,2,1,2,3,3,3,4,5,4,],[1,1,2,1,2,3,3,3,4,5,4,]]\",\"MapDataGraySitDownColor\":\"[1,2]\",\"MapDataCountDown\":\"[120,180]\"}","DataCount":0,"PageCount":0,"Mac":"","Timestamp":"2024-09-21T15:01:46.6430191+08:00"}
--------------------------------
2024/9/21 15:08:26|
Request Data:
QueryData:/api/tokenpass/Login/Map
BodyData:
Operator:
RequestPath:http://localhost:7000/api/tokenpass/Login/Map

--------------------------------
2024/9/21 15:08:27|
Response Data:
{"Version":"1.0.0","Code":200,"Message":"操作成功。","Data":"{\"Id\":null,\"DifficultyLevel\":null,\"MapDataBusTypes\":\"[1,2]\",\"MapData\":\"[[0,1,0,1],[1,0,1,0],[0,1,0,1],[1,0,1,0],[0,1,0,1],[1,0,1,0],[0,1,0,1],[0,1,1,1],[1,0,1,0],[0,1,0,1],[1,0,1,0],[0,1,0,1],[1,0,1,1],[0,1,1,1]]\",\"MapDataRoloQueues\":\"[[1,1,2,1,2,3,3,3,4,5,4,],[1,1,2,1,2,3,3,3,4,5,4,]]\",\"MapDataGraySitDownColor\":\"[1,2]\",\"MapDataCountDown\":\"[120,180]\"}","DataCount":0,"PageCount":0,"Mac":"","Timestamp":"2024-09-21T15:08:26.6832378+08:00"}
--------------------------------
2024/9/21 15:18:24|
Request Data:
QueryData:/api/tokenpass/Login/Map
BodyData:
Operator:
RequestPath:http://localhost:7000/api/tokenpass/Login/Map

--------------------------------
2024/9/21 15:18:26|
Response Data:
{"Version":"1.0.0","Code":200,"Message":"操作成功。","Data":"{\"Id\":null,\"DifficultyLevel\":null,\"MapDataBusTypes\":\"[1,2]\",\"MapData\":\"[[0,1,0,1],[1,0,1,0],[0,1,0,1],[1,0,1,0],[0,1,0,1],[1,0,1,0],[0,1,0,1],[0,1,1,1],[1,0,1,0],[0,1,0,1],[1,0,1,0],[0,1,0,1],[1,0,1,1],[0,1,1,1]]\",\"MapDataRoloQueues\":\"[[1,1,2,1,2,3,3,3,4,5,4,],[1,1,2,1,2,3,3,3,4,5,4,]]\",\"MapDataGraySitDownColor\":\"[1,2]\",\"MapDataCountDown\":\"[120,180]\"}","DataCount":0,"PageCount":0,"Mac":"","Timestamp":"2024-09-21T15:18:25.1866097+08:00"}
--------------------------------
2024/9/21 15:33:07|
Request Data:
QueryData:/api/tokenpass/Login/Map
BodyData:
Operator:
RequestPath:http://localhost:7000/api/tokenpass/Login/Map

--------------------------------
2024/9/21 15:33:08|
Response Data:
{"Version":"1.0.0","Code":200,"Message":"操作成功。","Data":"{\"Id\":null,\"DifficultyLevel\":null,\"MapDataBusTypes\":\"[1,2]\",\"MapData\":\"[[0,1,0,1],[1,0,1,0],[0,1,0,1],[1,0,1,0],[0,1,0,1],[1,0,1,0],[0,1,0,1],[0,1,1,1],[1,0,1,0],[0,1,0,1],[1,0,1,0],[0,1,0,1],[1,0,1,1],[0,1,1,1]]\",\"MapDataRoloQueues\":\"[[1,1,2,1,2,3,3,3,4,5,4,],[1,1,2,1,2,3,3,3,4,5,4,]]\",\"MapDataGraySitDownColor\":\"[1,2]\",\"MapDataCountDown\":\"[120,180]\"}","DataCount":0,"PageCount":0,"Mac":"","Timestamp":"2024-09-21T15:33:07.9383083+08:00"}
--------------------------------
2024/9/21 15:33:14|
Request Data:
QueryData:/api/tokenpass/Login/Login?openId=123456
BodyData:
Operator:
RequestPath:http://localhost:7000/api/tokenpass/Login/Login?openId=123456

--------------------------------
2024/9/21 15:33:15|
Response Data:
{"Version":"1.0.0","Code":200,"Message":"操作成功。","Data":{"SsoToken":"eyJhbGciOiJIUzI1NiIsInR5cCI6IkpXVCJ9.eyJVc2VySWQiOiIxIiwiT3BlbklkIjoiMTIzNDU2IiwiQ2lwaGVyIjoiS1R1T2Z1cHVPUXpUWTA2UkdHMVZFQT09IiwiRXhwaXJlcyI6IjIwMjQtMDktMjIgMTU6MzM6MTUiLCJleHAiOjE3MjY5OTA0NTUsImlzcyI6InJhbndlbiIsImF1ZCI6IkNXIn0._Op6UkdfBN2pk_hoZLV96UDA94hG6JQakBfbULPTfhY"},"DataCount":0,"PageCount":0,"Mac":"","Timestamp":"2024-09-21T15:33:15.4903339+08:00"}
