--------------------------------
2024/10/25 9:51:52|
Request Data:
QueryData:/api/Home/GenerateEntities
BodyData:
Operator:
RequestPath:http://localhost:7000/api/Home/GenerateEntities

--------------------------------
2024/10/25 9:52:48|
Request Data:
QueryData:/api/Home/GenerateEntities
BodyData:
Operator:
RequestPath:http://localhost:7000/api/Home/GenerateEntities

--------------------------------
2024/10/25 17:48:33|
Request Data:
QueryData:/api/tokenpass/Login/Map
BodyData:
Operator:
RequestPath:http://localhost:7000/api/tokenpass/Login/Map

--------------------------------
2024/10/25 17:48:36|
Response Data:
{"Version":"1.0.0","Code":400,"Message":"Unable to connect to any of the specified MySQL hosts.","Data":"at SqlSugar.MySqlProvider.GetDataReaderAsync(String sql, SugarParameter[] parameters)\r\n   at SqlSugar.QueryableProvider`1.GetDataAsync[TResult](KeyValuePair`2 sqlObj)\r\n   at SqlSugar.QueryableProvider`1._ToListAsync[TResult]()\r\n   at CW.Api.Services.LoginService.Map() in D:\\work\\crazy-workers-net.git\\CW.Api\\Services\\LoginService.cs:line 337\r\n   at CW.Api.Controllers.LoginController.Map() in D:\\work\\crazy-workers-net.git\\CW.Api\\Controllers\\LoginController.cs:line 120\r\n   at lambda_method484(Closure , Object )\r\n   at Microsoft.AspNetCore.Mvc.Infrastructure.ActionMethodExecutor.AwaitableObjectResultExecutor.Execute(IActionResultTypeMapper mapper, ObjectMethodExecutor executor, Object controller, Object[] arguments)\r\n   at Microsoft.AspNetCore.Mvc.Infrastructure.ControllerActionInvoker.<InvokeActionMethodAsync>g__Awaited|12_0(ControllerActionInvoker invoker, ValueTask`1 actionResultValueTask)\r\n   at Microsoft.AspNetCore.Mvc.Infrastructure.ControllerActionInvoker.<InvokeNextActionFilterAsync>g__Awaited|10_0(ControllerActionInvoker invoker, Task lastTask, State next, Scope scope, Object state, Boolean isCompleted)\r\n   at Microsoft.AspNetCore.Mvc.Infrastructure.ControllerActionInvoker.Rethrow(ActionExecutedContextSealed context)\r\n   at Microsoft.AspNetCore.Mvc.Infrastructure.ControllerActionInvoker.Next(State& next, Scope& scope, Object& state, Boolean& isCompleted)\r\n   at Microsoft.AspNetCore.Mvc.Infrastructure.ControllerActionInvoker.<InvokeInnerFilterAsync>g__Awaited|13_0(ControllerActionInvoker invoker, Task lastTask, State next, Scope scope, Object state, Boolean isCompleted)\r\n   at Microsoft.AspNetCore.Mvc.Infrastructure.ResourceInvoker.<InvokeNextExceptionFilterAsync>g__Awaited|26_0(ResourceInvoker invoker, Task lastTask, State next, Scope scope, Object state, Boolean isCompleted)","DataCount":0,"PageCount":0,"Mac":"","Timestamp":"2024-10-25T17:48:36.5006609+08:00"}
